2022-05-01-14-56-15
process_material fail.
process_user.py fail.
news detail info are saved in redis db.
update_redis success.
 
2022-05-01-15-27-15
process_material fail.
process_user.py fail.
news detail info are saved in redis db.
update_redis success.
 
2022-05-01-15-37-14
process_material fail.
process_user.py fail.
news detail info are saved in redis db.
update_redis success.
 
2022-05-01-15-47-16
process_material fail.
process_user.py fail.
news detail info are saved in redis db.
update_redis success.
 
2022-05-01-16-05-15
process_material fail.
process_user.py fail.
news detail info are saved in redis db.
update_redis success.
 
2022-05-01-16-16-15
process_material fail.
process_user.py fail.
news detail info are saved in redis db.
update_redis success.
 
2022-05-01-16-18-13
process_material fail.
process_user.py fail.
news detail info are saved in redis db.
update_redis success.
 
2022-05-01-16-49-15
process_material fail.
process_user.py fail.
news detail info are saved in redis db.
update_redis success.
 
2022-05-01-16-50-15
process_material fail.
process_user.py fail.
news detail info are saved in redis db.
update_redis success.
 
2022-05-01-16-57-15
process_material fail.
process_user.py fail.
news detail info are saved in redis db.
update_redis success.
 
2022-05-01-17-10-16
process_material fail.
process_user.py fail.
news detail info are saved in redis db.
update_redis success.
 
2022-05-01-17-12-13
process_material fail.
process_user.py fail.
news detail info are saved in redis db.
update_redis success.
 
2022-05-01-17-37-14
process_material fail.
process_user.py fail.
news detail info are saved in redis db.
update_redis success.
 
2022-05-01-17-41-13
process_material fail.
process_user.py fail.
news detail info are saved in redis db.
update_redis success.
 
2022-05-01-17-54-14
process_material fail.
process_user.py fail.
news detail info are saved in redis db.
update_redis success.
 
2022-05-01-17-56-13
process_material fail.
process_user.py fail.
news detail info are saved in redis db.
update_redis success.
 
2022-05-01-18-23-15
process_material fail.
process_user.py fail.
news detail info are saved in redis db.
update_redis success.
 
2022-05-01-18-27-13
process_material fail.
process_user.py fail.
news detail info are saved in redis db.
update_redis success.
 
2022-05-01-18-30-14
process_material fail.
process_user.py fail.
news detail info are saved in redis db.
update_redis success.
 
2022-05-01-18-50-15
process_material fail.
process_user.py fail.
news detail info are saved in redis db.
update_redis success.
 
2022-05-01-19-46-14
process_material fail.
process_user.py fail.
news detail info are saved in redis db.
update_redis success.
 
2022-05-01-19-50-15
process_material fail.
process_user.py fail.
news detail info are saved in redis db.
update_redis success.
 
2022-05-01-20-05-53
process_material fail.
process_user.py fail.
news detail info are saved in redis db.
update_redis success.
 
2022-05-01-20-15-15
process_material fail.
process_user.py fail.
news detail info are saved in redis db.
update_redis success.
 
2022-05-01-20-18-14
process_material fail.
process_user.py fail.
news detail info are saved in redis db.
update_redis success.
 
2022-05-01-20-32-37
run update_new_items success.
update_dynamic_feature_protrail success.
delete RedisProtrail ...
run update_redis_mongo_protrail_data success.
process_material success.
process_user.py success.
news detail info are saved in redis db.
update_redis success.
 
2022-05-02-00-09-34
run update_new_items success.
update_dynamic_feature_protrail success.
delete RedisProtrail ...
run update_redis_mongo_protrail_data success.
process_material success.
process_user.py success.
news detail info are saved in redis db.
update_redis success.
 
2022-05-02-12-40-25
run update_new_items success.
update_dynamic_feature_protrail success.
delete RedisProtrail ...
run update_redis_mongo_protrail_data success.
process_material success.
process_user.py success.
news detail info are saved in redis db.
update_redis success.
 
2022-05-03-12-39-56
run update_new_items success.
update_dynamic_feature_protrail success.
delete RedisProtrail ...
run update_redis_mongo_protrail_data success.
process_material success.
process_user.py success.
news detail info are saved in redis db.
update_redis success.
 
2022-05-04-12-41-31
run update_new_items success.
update_dynamic_feature_protrail success.
delete RedisProtrail ...
run update_redis_mongo_protrail_data success.
process_material success.
process_user.py success.
news detail info are saved in redis db.
update_redis success.
 
2022-05-05-12-40-59
run update_new_items success.
update_dynamic_feature_protrail success.
delete RedisProtrail ...
run update_redis_mongo_protrail_data success.
process_material success.
process_user.py success.
news detail info are saved in redis db.
update_redis success.
 
2022-05-06-12-45-04
run update_new_items success.
update_dynamic_feature_protrail success.
delete RedisProtrail ...
run update_redis_mongo_protrail_data success.
process_material success.
process_user.py success.
news detail info are saved in redis db.
update_redis success.
 
2022-05-07-12-45-03
run update_new_items success.
update_dynamic_feature_protrail success.
delete RedisProtrail ...
run update_redis_mongo_protrail_data success.
process_material success.
process_user.py success.
news detail info are saved in redis db.
update_redis success.
 
2022-05-08-12-44-23
run update_new_items success.
update_dynamic_feature_protrail success.
delete RedisProtrail ...
run update_redis_mongo_protrail_data success.
process_material success.
process_user.py success.
news detail info are saved in redis db.
update_redis success.
 
