2022-05-01-14-56-26
run python3 /usr/local/news_recsys/news_rec_server/recprocess/offline.py fail.
 
2022-05-01-15-27-27
run python3 /usr/local/news_recsys/news_rec_server/recprocess/offline.py fail.
 
2022-05-01-15-37-26
run python3 /usr/local/news_recsys/news_rec_server/recprocess/offline.py fail.
 
2022-05-01-15-47-28
run python3 /usr/local/news_recsys/news_rec_server/recprocess/offline.py fail.
 
2022-05-01-16-05-27
run python3 /usr/local/news_recsys/news_rec_server/recprocess/offline.py fail.
 
2022-05-01-16-16-27
run python3 /usr/local/news_recsys/news_rec_server/recprocess/offline.py fail.
 
2022-05-01-16-18-24
run python3 /usr/local/news_recsys/news_rec_server/recprocess/offline.py fail.
 
2022-05-01-16-49-26
run python3 /usr/local/news_recsys/news_rec_server/recprocess/offline.py fail.
 
2022-05-01-16-50-26
run python3 /usr/local/news_recsys/news_rec_server/recprocess/offline.py fail.
 
2022-05-01-16-57-26
run python3 /usr/local/news_recsys/news_rec_server/recprocess/offline.py fail.
 
2022-05-01-17-10-27
run python3 /usr/local/news_recsys/news_rec_server/recprocess/offline.py fail.
 
2022-05-01-17-12-24
run python3 /usr/local/news_recsys/news_rec_server/recprocess/offline.py fail.
 
2022-05-01-17-37-25
run python3 /usr/local/news_recsys/news_rec_server/recprocess/offline.py fail.
 
2022-05-01-17-41-24
run python3 /usr/local/news_recsys/news_rec_server/recprocess/offline.py fail.
 
2022-05-01-17-54-25
run python3 /usr/local/news_recsys/news_rec_server/recprocess/offline.py fail.
 
2022-05-01-17-56-24
run python3 /usr/local/news_recsys/news_rec_server/recprocess/offline.py fail.
 
2022-05-01-18-23-27
run python3 /usr/local/news_recsys/news_rec_server/recprocess/offline.py fail.
 
2022-05-01-18-27-25
run python3 /usr/local/news_recsys/news_rec_server/recprocess/offline.py fail.
 
2022-05-01-18-30-25
run python3 /usr/local/news_recsys/news_rec_server/recprocess/offline.py fail.
 
2022-05-01-18-50-27
run python3 /usr/local/news_recsys/news_rec_server/recprocess/offline.py fail.
 
2022-05-01-19-46-26
run python3 /usr/local/news_recsys/news_rec_server/recprocess/offline.py fail.
 
2022-05-01-19-50-29
run python3 /usr/local/news_recsys/news_rec_server/recprocess/offline.py fail.
 
2022-05-01-20-06-05
run python3 /usr/local/news_recsys/news_rec_server/recprocess/offline.py fail.
 
2022-05-01-20-15-27
run python3 /usr/local/news_recsys/news_rec_server/recprocess/offline.py fail.
 
2022-05-01-20-18-25
run python3 /usr/local/news_recsys/news_rec_server/recprocess/offline.py fail.
 
2022-05-01-20-33-17
a hot rec list are saved into redis.....
类别 金融 的 新闻数量为 1192
类别 医疗卫生 的 新闻数量为 604
类别 教育培训 的 新闻数量为 115
类别 科技 的 新闻数量为 49
类别 能源矿产 的 新闻数量为 337
类别 交通运输 的 新闻数量为 241
类别 房产建筑 的 新闻数量为 289
类别 体育 的 新闻数量为 326
类别 制造业 的 新闻数量为 97
类别 军事国防 的 新闻数量为 211
类别 生态环境 的 新闻数量为 40
类别 旅游 的 新闻数量为 90
类别 住宿餐饮 的 新闻数量为 157
类别 农林牧渔 的 新闻数量为 112
类别 时政 的 新闻数量为 721
类别 社会民生 的 新闻数量为 100
类别 文化娱乐 的 新闻数量为 216
类别 信息产业 的 新闻数量为 543
类别 交通安全 的 新闻数量为 8
类别 社会治安 的 新闻数量为 157
类别 灾害险情 的 新闻数量为 12
类别 金融 的 新闻数量为 1192
类别 医疗卫生 的 新闻数量为 604
类别 教育培训 的 新闻数量为 115
类别 科技 的 新闻数量为 49
类别 能源矿产 的 新闻数量为 337
类别 交通运输 的 新闻数量为 241
类别 房产建筑 的 新闻数量为 289
类别 体育 的 新闻数量为 326
类别 制造业 的 新闻数量为 97
类别 军事国防 的 新闻数量为 211
类别 生态环境 的 新闻数量为 40
类别 旅游 的 新闻数量为 90
类别 住宿餐饮 的 新闻数量为 157
类别 农林牧渔 的 新闻数量为 112
类别 时政 的 新闻数量为 721
类别 社会民生 的 新闻数量为 100
类别 文化娱乐 的 新闻数量为 216
类别 信息产业 的 新闻数量为 543
类别 交通安全 的 新闻数量为 8
类别 社会治安 的 新闻数量为 157
类别 灾害险情 的 新闻数量为 12
run python3 /usr/local/news_recsys/news_rec_server/recprocess/offline.py success.
 
2022-05-02-00-10-34
a hot rec list are saved into redis.....
类别 金融 的 新闻数量为 1339
类别 医疗卫生 的 新闻数量为 694
类别 教育培训 的 新闻数量为 128
类别 科技 的 新闻数量为 57
类别 能源矿产 的 新闻数量为 362
类别 交通运输 的 新闻数量为 284
类别 房产建筑 的 新闻数量为 308
类别 体育 的 新闻数量为 449
类别 制造业 的 新闻数量为 104
类别 军事国防 的 新闻数量为 254
类别 生态环境 的 新闻数量为 44
类别 旅游 的 新闻数量为 109
类别 住宿餐饮 的 新闻数量为 161
类别 农林牧渔 的 新闻数量为 119
类别 时政 的 新闻数量为 771
类别 社会民生 的 新闻数量为 117
类别 文化娱乐 的 新闻数量为 270
类别 信息产业 的 新闻数量为 607
类别 交通安全 的 新闻数量为 11
类别 社会治安 的 新闻数量为 180
类别 灾害险情 的 新闻数量为 14
类别 金融 的 新闻数量为 1339
类别 医疗卫生 的 新闻数量为 694
类别 教育培训 的 新闻数量为 128
类别 科技 的 新闻数量为 57
类别 能源矿产 的 新闻数量为 362
类别 交通运输 的 新闻数量为 284
类别 房产建筑 的 新闻数量为 308
类别 体育 的 新闻数量为 449
类别 制造业 的 新闻数量为 104
类别 军事国防 的 新闻数量为 254
类别 生态环境 的 新闻数量为 44
类别 旅游 的 新闻数量为 109
类别 住宿餐饮 的 新闻数量为 161
类别 农林牧渔 的 新闻数量为 119
类别 时政 的 新闻数量为 771
类别 社会民生 的 新闻数量为 117
类别 文化娱乐 的 新闻数量为 270
类别 信息产业 的 新闻数量为 607
类别 交通安全 的 新闻数量为 11
类别 社会治安 的 新闻数量为 180
类别 灾害险情 的 新闻数量为 14
run python3 /usr/local/news_recsys/news_rec_server/recprocess/offline.py success.
 
2022-05-02-12-41-08
a hot rec list are saved into redis.....
类别 金融 的 新闻数量为 1343
类别 医疗卫生 的 新闻数量为 700
类别 教育培训 的 新闻数量为 131
类别 科技 的 新闻数量为 57
类别 能源矿产 的 新闻数量为 364
类别 交通运输 的 新闻数量为 294
类别 房产建筑 的 新闻数量为 311
类别 体育 的 新闻数量为 451
类别 制造业 的 新闻数量为 105
类别 军事国防 的 新闻数量为 256
类别 生态环境 的 新闻数量为 44
类别 旅游 的 新闻数量为 112
类别 住宿餐饮 的 新闻数量为 163
类别 农林牧渔 的 新闻数量为 120
类别 时政 的 新闻数量为 785
类别 社会民生 的 新闻数量为 117
类别 文化娱乐 的 新闻数量为 275
类别 信息产业 的 新闻数量为 610
类别 交通安全 的 新闻数量为 11
类别 社会治安 的 新闻数量为 181
类别 灾害险情 的 新闻数量为 14
类别 金融 的 新闻数量为 1343
类别 医疗卫生 的 新闻数量为 700
类别 教育培训 的 新闻数量为 131
类别 科技 的 新闻数量为 57
类别 能源矿产 的 新闻数量为 364
类别 交通运输 的 新闻数量为 294
类别 房产建筑 的 新闻数量为 311
类别 体育 的 新闻数量为 451
类别 制造业 的 新闻数量为 105
类别 军事国防 的 新闻数量为 256
类别 生态环境 的 新闻数量为 44
类别 旅游 的 新闻数量为 112
类别 住宿餐饮 的 新闻数量为 163
类别 农林牧渔 的 新闻数量为 120
类别 时政 的 新闻数量为 785
类别 社会民生 的 新闻数量为 117
类别 文化娱乐 的 新闻数量为 275
类别 信息产业 的 新闻数量为 610
类别 交通安全 的 新闻数量为 11
类别 社会治安 的 新闻数量为 181
类别 灾害险情 的 新闻数量为 14
run python3 /usr/local/news_recsys/news_rec_server/recprocess/offline.py success.
 
2022-05-03-12-41-12
a hot rec list are saved into redis.....
类别 金融 的 新闻数量为 1461
类别 医疗卫生 的 新闻数量为 847
类别 教育培训 的 新闻数量为 143
类别 科技 的 新闻数量为 65
类别 能源矿产 的 新闻数量为 419
类别 交通运输 的 新闻数量为 341
类别 房产建筑 的 新闻数量为 354
类别 体育 的 新闻数量为 535
类别 制造业 的 新闻数量为 115
类别 军事国防 的 新闻数量为 299
类别 生态环境 的 新闻数量为 51
类别 旅游 的 新闻数量为 134
类别 住宿餐饮 的 新闻数量为 180
类别 农林牧渔 的 新闻数量为 138
类别 时政 的 新闻数量为 893
类别 社会民生 的 新闻数量为 148
类别 文化娱乐 的 新闻数量为 322
类别 信息产业 的 新闻数量为 687
类别 交通安全 的 新闻数量为 12
类别 社会治安 的 新闻数量为 215
类别 灾害险情 的 新闻数量为 18
类别 金融 的 新闻数量为 1461
类别 医疗卫生 的 新闻数量为 847
类别 教育培训 的 新闻数量为 143
类别 科技 的 新闻数量为 65
类别 能源矿产 的 新闻数量为 419
类别 交通运输 的 新闻数量为 341
类别 房产建筑 的 新闻数量为 354
类别 体育 的 新闻数量为 535
类别 制造业 的 新闻数量为 115
类别 军事国防 的 新闻数量为 299
类别 生态环境 的 新闻数量为 51
类别 旅游 的 新闻数量为 134
类别 住宿餐饮 的 新闻数量为 180
类别 农林牧渔 的 新闻数量为 138
类别 时政 的 新闻数量为 893
类别 社会民生 的 新闻数量为 148
类别 文化娱乐 的 新闻数量为 322
类别 信息产业 的 新闻数量为 687
类别 交通安全 的 新闻数量为 12
类别 社会治安 的 新闻数量为 215
类别 灾害险情 的 新闻数量为 18
run python3 /usr/local/news_recsys/news_rec_server/recprocess/offline.py success.
 
2022-05-04-12-42-47
a hot rec list are saved into redis.....
类别 金融 的 新闻数量为 1653
类别 医疗卫生 的 新闻数量为 948
类别 教育培训 的 新闻数量为 155
类别 科技 的 新闻数量为 71
类别 能源矿产 的 新闻数量为 475
类别 交通运输 的 新闻数量为 376
类别 房产建筑 的 新闻数量为 373
类别 体育 的 新闻数量为 611
类别 制造业 的 新闻数量为 123
类别 军事国防 的 新闻数量为 341
类别 生态环境 的 新闻数量为 52
类别 旅游 的 新闻数量为 143
类别 住宿餐饮 的 新闻数量为 195
类别 农林牧渔 的 新闻数量为 149
类别 时政 的 新闻数量为 963
类别 社会民生 的 新闻数量为 165
类别 文化娱乐 的 新闻数量为 374
类别 信息产业 的 新闻数量为 750
类别 交通安全 的 新闻数量为 14
类别 社会治安 的 新闻数量为 242
类别 灾害险情 的 新闻数量为 23
类别 金融 的 新闻数量为 1653
类别 医疗卫生 的 新闻数量为 948
类别 教育培训 的 新闻数量为 155
类别 科技 的 新闻数量为 71
类别 能源矿产 的 新闻数量为 475
类别 交通运输 的 新闻数量为 376
类别 房产建筑 的 新闻数量为 373
类别 体育 的 新闻数量为 611
类别 制造业 的 新闻数量为 123
类别 军事国防 的 新闻数量为 341
类别 生态环境 的 新闻数量为 52
类别 旅游 的 新闻数量为 143
类别 住宿餐饮 的 新闻数量为 195
类别 农林牧渔 的 新闻数量为 149
类别 时政 的 新闻数量为 963
类别 社会民生 的 新闻数量为 165
类别 文化娱乐 的 新闻数量为 374
类别 信息产业 的 新闻数量为 750
类别 交通安全 的 新闻数量为 14
类别 社会治安 的 新闻数量为 242
类别 灾害险情 的 新闻数量为 23
run python3 /usr/local/news_recsys/news_rec_server/recprocess/offline.py success.
 
2022-05-05-12-42-48
a hot rec list are saved into redis.....
类别 金融 的 新闻数量为 1875
类别 医疗卫生 的 新闻数量为 1066
类别 教育培训 的 新闻数量为 177
类别 科技 的 新闻数量为 85
类别 能源矿产 的 新闻数量为 550
类别 交通运输 的 新闻数量为 438
类别 房产建筑 的 新闻数量为 408
类别 体育 的 新闻数量为 692
类别 制造业 的 新闻数量为 135
类别 军事国防 的 新闻数量为 391
类别 生态环境 的 新闻数量为 57
类别 旅游 的 新闻数量为 169
类别 住宿餐饮 的 新闻数量为 208
类别 农林牧渔 的 新闻数量为 174
类别 时政 的 新闻数量为 1085
类别 社会民生 的 新闻数量为 202
类别 文化娱乐 的 新闻数量为 444
类别 信息产业 的 新闻数量为 847
类别 交通安全 的 新闻数量为 17
类别 社会治安 的 新闻数量为 259
类别 灾害险情 的 新闻数量为 29
类别 金融 的 新闻数量为 1875
类别 医疗卫生 的 新闻数量为 1066
类别 教育培训 的 新闻数量为 177
类别 科技 的 新闻数量为 85
类别 能源矿产 的 新闻数量为 550
类别 交通运输 的 新闻数量为 438
类别 房产建筑 的 新闻数量为 408
类别 体育 的 新闻数量为 692
类别 制造业 的 新闻数量为 135
类别 军事国防 的 新闻数量为 391
类别 生态环境 的 新闻数量为 57
类别 旅游 的 新闻数量为 169
类别 住宿餐饮 的 新闻数量为 208
类别 农林牧渔 的 新闻数量为 174
类别 时政 的 新闻数量为 1085
类别 社会民生 的 新闻数量为 202
类别 文化娱乐 的 新闻数量为 444
类别 信息产业 的 新闻数量为 847
类别 交通安全 的 新闻数量为 17
类别 社会治安 的 新闻数量为 259
类别 灾害险情 的 新闻数量为 29
run python3 /usr/local/news_recsys/news_rec_server/recprocess/offline.py success.
 
2022-05-06-12-48-19
a hot rec list are saved into redis.....
类别 金融 的 新闻数量为 2434
类别 医疗卫生 的 新闻数量为 1367
类别 教育培训 的 新闻数量为 226
类别 科技 的 新闻数量为 120
类别 能源矿产 的 新闻数量为 707
类别 交通运输 的 新闻数量为 546
类别 房产建筑 的 新闻数量为 542
类别 体育 的 新闻数量为 804
类别 制造业 的 新闻数量为 167
类别 军事国防 的 新闻数量为 528
类别 生态环境 的 新闻数量为 76
类别 旅游 的 新闻数量为 220
类别 住宿餐饮 的 新闻数量为 288
类别 农林牧渔 的 新闻数量为 214
类别 时政 的 新闻数量为 1400
类别 社会民生 的 新闻数量为 257
类别 文化娱乐 的 新闻数量为 520
类别 信息产业 的 新闻数量为 1110
类别 交通安全 的 新闻数量为 25
类别 社会治安 的 新闻数量为 346
类别 灾害险情 的 新闻数量为 41
类别 金融 的 新闻数量为 2434
类别 医疗卫生 的 新闻数量为 1367
类别 教育培训 的 新闻数量为 226
类别 科技 的 新闻数量为 120
类别 能源矿产 的 新闻数量为 707
类别 交通运输 的 新闻数量为 546
类别 房产建筑 的 新闻数量为 542
类别 体育 的 新闻数量为 804
类别 制造业 的 新闻数量为 167
类别 军事国防 的 新闻数量为 528
类别 生态环境 的 新闻数量为 76
类别 旅游 的 新闻数量为 220
类别 住宿餐饮 的 新闻数量为 288
类别 农林牧渔 的 新闻数量为 214
类别 时政 的 新闻数量为 1400
类别 社会民生 的 新闻数量为 257
类别 文化娱乐 的 新闻数量为 520
类别 信息产业 的 新闻数量为 1110
类别 交通安全 的 新闻数量为 25
类别 社会治安 的 新闻数量为 346
类别 灾害险情 的 新闻数量为 41
run python3 /usr/local/news_recsys/news_rec_server/recprocess/offline.py success.
 
2022-05-07-12-49-08
a hot rec list are saved into redis.....
类别 金融 的 新闻数量为 2919
类别 医疗卫生 的 新闻数量为 1682
类别 教育培训 的 新闻数量为 277
类别 科技 的 新闻数量为 135
类别 能源矿产 的 新闻数量为 839
类别 交通运输 的 新闻数量为 658
类别 房产建筑 的 新闻数量为 689
类别 体育 的 新闻数量为 922
类别 制造业 的 新闻数量为 207
类别 军事国防 的 新闻数量为 655
类别 生态环境 的 新闻数量为 87
类别 旅游 的 新闻数量为 274
类别 住宿餐饮 的 新闻数量为 359
类别 农林牧渔 的 新闻数量为 272
类别 时政 的 新闻数量为 1712
类别 社会民生 的 新闻数量为 314
类别 文化娱乐 的 新闻数量为 585
类别 信息产业 的 新闻数量为 1332
类别 交通安全 的 新闻数量为 33
类别 社会治安 的 新闻数量为 416
类别 灾害险情 的 新闻数量为 66
类别 金融 的 新闻数量为 2919
类别 医疗卫生 的 新闻数量为 1682
类别 教育培训 的 新闻数量为 277
类别 科技 的 新闻数量为 135
类别 能源矿产 的 新闻数量为 839
类别 交通运输 的 新闻数量为 658
类别 房产建筑 的 新闻数量为 689
类别 体育 的 新闻数量为 922
类别 制造业 的 新闻数量为 207
类别 军事国防 的 新闻数量为 655
类别 生态环境 的 新闻数量为 87
类别 旅游 的 新闻数量为 274
类别 住宿餐饮 的 新闻数量为 359
类别 农林牧渔 的 新闻数量为 272
类别 时政 的 新闻数量为 1712
类别 社会民生 的 新闻数量为 314
类别 文化娱乐 的 新闻数量为 585
类别 信息产业 的 新闻数量为 1332
类别 交通安全 的 新闻数量为 33
类别 社会治安 的 新闻数量为 416
类别 灾害险情 的 新闻数量为 66
run python3 /usr/local/news_recsys/news_rec_server/recprocess/offline.py success.
 
2022-05-08-12-48-55
a hot rec list are saved into redis.....
类别 金融 的 新闻数量为 3166
类别 医疗卫生 的 新闻数量为 1925
类别 教育培训 的 新闻数量为 347
类别 科技 的 新闻数量为 160
类别 能源矿产 的 新闻数量为 908
类别 交通运输 的 新闻数量为 755
类别 房产建筑 的 新闻数量为 787
类别 体育 的 新闻数量为 1038
类别 制造业 的 新闻数量为 230
类别 军事国防 的 新闻数量为 769
类别 生态环境 的 新闻数量为 103
类别 旅游 的 新闻数量为 323
类别 住宿餐饮 的 新闻数量为 440
类别 农林牧渔 的 新闻数量为 313
类别 时政 的 新闻数量为 1933
类别 社会民生 的 新闻数量为 354
类别 文化娱乐 的 新闻数量为 663
类别 信息产业 的 新闻数量为 1488
类别 交通安全 的 新闻数量为 41
类别 社会治安 的 新闻数量为 504
类别 灾害险情 的 新闻数量为 86
类别 金融 的 新闻数量为 3166
类别 医疗卫生 的 新闻数量为 1925
类别 教育培训 的 新闻数量为 347
类别 科技 的 新闻数量为 160
类别 能源矿产 的 新闻数量为 908
类别 交通运输 的 新闻数量为 755
类别 房产建筑 的 新闻数量为 787
类别 体育 的 新闻数量为 1038
类别 制造业 的 新闻数量为 230
类别 军事国防 的 新闻数量为 769
类别 生态环境 的 新闻数量为 103
类别 旅游 的 新闻数量为 323
类别 住宿餐饮 的 新闻数量为 440
类别 农林牧渔 的 新闻数量为 313
类别 时政 的 新闻数量为 1933
类别 社会民生 的 新闻数量为 354
类别 文化娱乐 的 新闻数量为 663
类别 信息产业 的 新闻数量为 1488
类别 交通安全 的 新闻数量为 41
类别 社会治安 的 新闻数量为 504
类别 灾害险情 的 新闻数量为 86
run python3 /usr/local/news_recsys/news_rec_server/recprocess/offline.py success.
 
