2022-05-01-14-56-01
scrapy crawl sina_spider --pages  fail.
220502
爬取完成：20220501
scrapy renmingwang/scarpy2.py success.
2022-05-01-15-27-01
scrapy crawl sina_spider --pages  fail.
220502
爬取完成：20220501
scrapy renmingwang/scarpy2.py success.
2022-05-01-15-37-01
scrapy crawl sina_spider --pages  fail.
220502
爬取完成：20220501
scrapy renmingwang/scarpy2.py success.
2022-05-01-15-47-01
scrapy crawl sina_spider --pages  fail.
220502
爬取完成：20220501
scrapy renmingwang/scarpy2.py success.
2022-05-01-16-05-01
scrapy crawl sina_spider --pages  fail.
220502
爬取完成：20220501
scrapy renmingwang/scarpy2.py success.
2022-05-01-16-16-01
scrapy crawl sina_spider --pages  fail.
220502
爬取完成：20220501
scrapy renmingwang/scarpy2.py success.
2022-05-01-16-18-01
scrapy crawl sina_spider --pages  fail.
220502
爬取完成：20220501
scrapy renmingwang/scarpy2.py success.
2022-05-01-16-49-01
scrapy crawl sina_spider --pages  fail.
220502
爬取完成：20220501
scrapy renmingwang/scarpy2.py success.
2022-05-01-16-50-01
scrapy crawl sina_spider --pages  fail.
220502
爬取完成：20220501
scrapy renmingwang/scarpy2.py success.
2022-05-01-16-57-01
scrapy crawl sina_spider --pages  fail.
220502
爬取完成：20220501
scrapy renmingwang/scarpy2.py success.
2022-05-01-17-10-01
scrapy crawl sina_spider --pages  fail.
220502
爬取完成：20220501
scrapy renmingwang/scarpy2.py success.
2022-05-01-17-12-01
scrapy crawl sina_spider --pages  fail.
220502
爬取完成：20220501
scrapy renmingwang/scarpy2.py success.
2022-05-01-17-37-01
scrapy crawl sina_spider --pages  fail.
220502
爬取完成：20220501
scrapy renmingwang/scarpy2.py success.
2022-05-01-17-41-01
scrapy crawl sina_spider --pages  fail.
220502
爬取完成：20220501
scrapy renmingwang/scarpy2.py success.
2022-05-01-17-54-01
scrapy crawl sina_spider --pages  fail.
220502
爬取完成：20220501
scrapy renmingwang/scarpy2.py success.
2022-05-01-17-56-01
scrapy crawl sina_spider --pages  fail.
220502
爬取完成：20220501
scrapy renmingwang/scarpy2.py success.
2022-05-01-18-23-01
scrapy crawl sina_spider --pages  fail.
220502
爬取完成：20220501
scrapy renmingwang/scarpy2.py success.
2022-05-01-18-27-01
scrapy crawl sina_spider --pages  fail.
220502
爬取完成：20220501
scrapy renmingwang/scarpy2.py success.
2022-05-01-18-30-01
scrapy crawl sina_spider --pages  fail.
220502
爬取完成：20220501
scrapy renmingwang/scarpy2.py success.
2022-05-01-18-50-01
scrapy crawl sina_spider --pages  fail.
220502
爬取完成：20220501
scrapy renmingwang/scarpy2.py success.
2022-05-01-19-46-01
scrapy crawl sina_spider --pages  fail.
220502
爬取完成：20220501
scrapy renmingwang/scarpy2.py success.
2022-05-01-19-50-01
scrapy crawl sina_spider --pages  fail.
220502
爬取完成：20220501
scrapy renmingwang/scarpy2.py success.
2022-05-01-19-56-01
scrapy crawl sina_spider --pages  success.
220502
爬取完成：20220501
scrapy renmingwang/scarpy2.py success.
2022-05-01-20-15-01
scrapy crawl sina_spider --pages  fail.
220502
爬取完成：20220501
scrapy renmingwang/scarpy2.py success.
2022-05-01-20-18-01
scrapy crawl sina_spider --pages  fail.
220502
爬取完成：20220501
scrapy renmingwang/scarpy2.py success.
2022-05-01-20-20-01
scrapy crawl sina_spider --pages  success.
220502
爬取完成：20220501
scrapy renmingwang/scarpy2.py success.
2022-05-02-00-00-01
scrapy crawl sina_spider --pages  success.
220503
scrapy renmingwang/scarpy2.py fail.
2022-05-02-12-30-01
scrapy crawl sina_spider --pages  success.
220503
爬取完成：20220502
scrapy renmingwang/scarpy2.py success.
2022-05-03-12-30-01
scrapy crawl sina_spider --pages  success.
220504
爬取完成：20220503
scrapy renmingwang/scarpy2.py success.
2022-05-04-12-30-01
scrapy crawl sina_spider --pages  success.
220505
爬取完成：20220504
scrapy renmingwang/scarpy2.py success.
2022-05-05-12-30-01
scrapy crawl sina_spider --pages  success.
220506
爬取完成：20220505
scrapy renmingwang/scarpy2.py success.
2022-05-06-12-30-01
scrapy crawl sina_spider --pages  success.
220507
爬取完成：20220506
scrapy renmingwang/scarpy2.py success.
2022-05-07-12-30-01
scrapy crawl sina_spider --pages  success.
220508
爬取完成：20220507
scrapy renmingwang/scarpy2.py success.
2022-05-08-12-30-01
scrapy crawl sina_spider --pages  success.
220509
爬取完成：20220508
scrapy renmingwang/scarpy2.py success.
